[INFO ] 2021-06-10 19:53:46,175 com.st.stm32cube.ide.common.services.mx.rcp.CubeIdeServices - Start Cube IDE services
[INFO ] 2021-06-10 19:53:46,184 com.st.stm32cube.ide.common.services.mx.rcp.CubeIdeServices - Cube IDE services are relying on '1.1.0.19rc7_generators' product version and '4545_20191011-1318(UTC)' build version 
[INFO ] 2021-06-10 19:53:46,186 com.st.stm32cube.ide.common.services.mx.rcp.CubeIdeServices - Analyze Cube IDE services command line
[INFO ] 2021-06-10 19:53:46,192 com.st.stm32cube.ide.common.services.mx.rcp.CubeIdeServices - Look for Cube IDE service type
[INFO ] 2021-06-10 19:53:46,212 com.st.stm32cube.ide.common.services.mx.rcp.CubeIdeServices - Use Cube IDE service: 'Mx update project service'
[INFO ] 2021-06-10 19:53:46,213 com.st.stm32cube.ide.common.services.mx.rcp.CubeIdeServices - Look for Cube IDE service option(s)
[WARN ] 2021-06-10 19:53:46,213 com.st.stm32cube.ide.common.services.mx.rcp.CubeIdeServices - Argument '-rmiServerPort' is ignored
[WARN ] 2021-06-10 19:53:46,213 com.st.stm32cube.ide.common.services.mx.rcp.CubeIdeServices - Argument '6543' is ignored
[INFO ] 2021-06-10 19:53:46,213 com.st.stm32cube.ide.common.services.mx.rcp.CubeIdeServices - Check Cube IDE service option(s)
[INFO ] 2021-06-10 19:53:46,213 com.st.stm32cube.ide.common.services.mx.rcp.CubeIdeServices - Run Cube IDE service
[INFO ] 2021-06-10 19:53:50,045 com.st.stm32cube.ide.common.services.mx.rcp.CubeIdeServices - End Cube IDE services
[INFO ] 2021-06-10 20:05:24,736 com.st.stm32cube.ide.common.services.mx.rcp.CubeIdeServices - Start Cube IDE services
[INFO ] 2021-06-10 20:05:24,744 com.st.stm32cube.ide.common.services.mx.rcp.CubeIdeServices - Cube IDE services are relying on '1.1.0.19rc7_generators' product version and '4545_20191011-1318(UTC)' build version 
[INFO ] 2021-06-10 20:05:24,748 com.st.stm32cube.ide.common.services.mx.rcp.CubeIdeServices - Analyze Cube IDE services command line
[INFO ] 2021-06-10 20:05:24,754 com.st.stm32cube.ide.common.services.mx.rcp.CubeIdeServices - Look for Cube IDE service type
[INFO ] 2021-06-10 20:05:24,777 com.st.stm32cube.ide.common.services.mx.rcp.CubeIdeServices - Use Cube IDE service: 'Mx update project service'
[INFO ] 2021-06-10 20:05:24,777 com.st.stm32cube.ide.common.services.mx.rcp.CubeIdeServices - Look for Cube IDE service option(s)
[WARN ] 2021-06-10 20:05:24,777 com.st.stm32cube.ide.common.services.mx.rcp.CubeIdeServices - Argument '-rmiServerPort' is ignored
[WARN ] 2021-06-10 20:05:24,777 com.st.stm32cube.ide.common.services.mx.rcp.CubeIdeServices - Argument '6544' is ignored
[INFO ] 2021-06-10 20:05:24,777 com.st.stm32cube.ide.common.services.mx.rcp.CubeIdeServices - Check Cube IDE service option(s)
[INFO ] 2021-06-10 20:05:24,777 com.st.stm32cube.ide.common.services.mx.rcp.CubeIdeServices - Run Cube IDE service
[INFO ] 2021-06-10 20:05:29,794 com.st.stm32cube.ide.common.services.mx.rcp.CubeIdeServices - End Cube IDE services
