[INFO ] 2021-06-09 00:18:06,696 com.st.stm32cube.ide.common.services.mx.rcp.CubeIdeServices - Start Cube IDE services
[INFO ] 2021-06-09 00:18:06,703 com.st.stm32cube.ide.common.services.mx.rcp.CubeIdeServices - Cube IDE services are relying on '1.1.0.19rc7_generators' product version and '4545_20191011-1318(UTC)' build version 
[INFO ] 2021-06-09 00:18:06,705 com.st.stm32cube.ide.common.services.mx.rcp.CubeIdeServices - Analyze Cube IDE services command line
[INFO ] 2021-06-09 00:18:06,709 com.st.stm32cube.ide.common.services.mx.rcp.CubeIdeServices - Look for Cube IDE service type
[INFO ] 2021-06-09 00:18:06,723 com.st.stm32cube.ide.common.services.mx.rcp.CubeIdeServices - Use Cube IDE service: 'Mx update project service'
[INFO ] 2021-06-09 00:18:06,724 com.st.stm32cube.ide.common.services.mx.rcp.CubeIdeServices - Look for Cube IDE service option(s)
[WARN ] 2021-06-09 00:18:06,724 com.st.stm32cube.ide.common.services.mx.rcp.CubeIdeServices - Argument '-rmiServerPort' is ignored
[WARN ] 2021-06-09 00:18:06,724 com.st.stm32cube.ide.common.services.mx.rcp.CubeIdeServices - Argument '6543' is ignored
[INFO ] 2021-06-09 00:18:06,724 com.st.stm32cube.ide.common.services.mx.rcp.CubeIdeServices - Check Cube IDE service option(s)
[INFO ] 2021-06-09 00:18:06,724 com.st.stm32cube.ide.common.services.mx.rcp.CubeIdeServices - Run Cube IDE service
[INFO ] 2021-06-09 00:18:09,941 com.st.stm32cube.ide.common.services.mx.rcp.CubeIdeServices - End Cube IDE services
[INFO ] 2021-06-09 00:32:56,642 com.st.stm32cube.ide.common.services.mx.rcp.CubeIdeServices - Start Cube IDE services
[INFO ] 2021-06-09 00:32:56,648 com.st.stm32cube.ide.common.services.mx.rcp.CubeIdeServices - Cube IDE services are relying on '1.1.0.19rc7_generators' product version and '4545_20191011-1318(UTC)' build version 
[INFO ] 2021-06-09 00:32:56,650 com.st.stm32cube.ide.common.services.mx.rcp.CubeIdeServices - Analyze Cube IDE services command line
[INFO ] 2021-06-09 00:32:56,655 com.st.stm32cube.ide.common.services.mx.rcp.CubeIdeServices - Look for Cube IDE service type
[INFO ] 2021-06-09 00:32:56,669 com.st.stm32cube.ide.common.services.mx.rcp.CubeIdeServices - Use Cube IDE service: 'Mx update project service'
[INFO ] 2021-06-09 00:32:56,669 com.st.stm32cube.ide.common.services.mx.rcp.CubeIdeServices - Look for Cube IDE service option(s)
[WARN ] 2021-06-09 00:32:56,669 com.st.stm32cube.ide.common.services.mx.rcp.CubeIdeServices - Argument '-rmiServerPort' is ignored
[WARN ] 2021-06-09 00:32:56,670 com.st.stm32cube.ide.common.services.mx.rcp.CubeIdeServices - Argument '6544' is ignored
[INFO ] 2021-06-09 00:32:56,670 com.st.stm32cube.ide.common.services.mx.rcp.CubeIdeServices - Check Cube IDE service option(s)
[INFO ] 2021-06-09 00:32:56,670 com.st.stm32cube.ide.common.services.mx.rcp.CubeIdeServices - Run Cube IDE service
[INFO ] 2021-06-09 00:32:59,981 com.st.stm32cube.ide.common.services.mx.rcp.CubeIdeServices - End Cube IDE services
[INFO ] 2021-06-09 00:55:40,714 com.st.stm32cube.ide.common.services.mx.rcp.CubeIdeServices - Start Cube IDE services
[INFO ] 2021-06-09 00:55:40,719 com.st.stm32cube.ide.common.services.mx.rcp.CubeIdeServices - Cube IDE services are relying on '1.1.0.19rc7_generators' product version and '4545_20191011-1318(UTC)' build version 
[INFO ] 2021-06-09 00:55:40,720 com.st.stm32cube.ide.common.services.mx.rcp.CubeIdeServices - Analyze Cube IDE services command line
[INFO ] 2021-06-09 00:55:40,725 com.st.stm32cube.ide.common.services.mx.rcp.CubeIdeServices - Look for Cube IDE service type
[INFO ] 2021-06-09 00:55:40,738 com.st.stm32cube.ide.common.services.mx.rcp.CubeIdeServices - Use Cube IDE service: 'Mx update project service'
[INFO ] 2021-06-09 00:55:40,738 com.st.stm32cube.ide.common.services.mx.rcp.CubeIdeServices - Look for Cube IDE service option(s)
[WARN ] 2021-06-09 00:55:40,739 com.st.stm32cube.ide.common.services.mx.rcp.CubeIdeServices - Argument '-rmiServerPort' is ignored
[WARN ] 2021-06-09 00:55:40,739 com.st.stm32cube.ide.common.services.mx.rcp.CubeIdeServices - Argument '6545' is ignored
[INFO ] 2021-06-09 00:55:40,739 com.st.stm32cube.ide.common.services.mx.rcp.CubeIdeServices - Check Cube IDE service option(s)
[INFO ] 2021-06-09 00:55:40,739 com.st.stm32cube.ide.common.services.mx.rcp.CubeIdeServices - Run Cube IDE service
[INFO ] 2021-06-09 00:55:44,695 com.st.stm32cube.ide.common.services.mx.rcp.CubeIdeServices - End Cube IDE services
[INFO ] 2021-06-09 01:39:58,997 com.st.stm32cube.ide.common.services.mx.rcp.CubeIdeServices - Start Cube IDE services
[INFO ] 2021-06-09 01:39:59,003 com.st.stm32cube.ide.common.services.mx.rcp.CubeIdeServices - Cube IDE services are relying on '1.1.0.19rc7_generators' product version and '4545_20191011-1318(UTC)' build version 
[INFO ] 2021-06-09 01:39:59,005 com.st.stm32cube.ide.common.services.mx.rcp.CubeIdeServices - Analyze Cube IDE services command line
[INFO ] 2021-06-09 01:39:59,009 com.st.stm32cube.ide.common.services.mx.rcp.CubeIdeServices - Look for Cube IDE service type
[INFO ] 2021-06-09 01:39:59,026 com.st.stm32cube.ide.common.services.mx.rcp.CubeIdeServices - Use Cube IDE service: 'Mx update project service'
[INFO ] 2021-06-09 01:39:59,026 com.st.stm32cube.ide.common.services.mx.rcp.CubeIdeServices - Look for Cube IDE service option(s)
[WARN ] 2021-06-09 01:39:59,026 com.st.stm32cube.ide.common.services.mx.rcp.CubeIdeServices - Argument '-rmiServerPort' is ignored
[WARN ] 2021-06-09 01:39:59,026 com.st.stm32cube.ide.common.services.mx.rcp.CubeIdeServices - Argument '6546' is ignored
[INFO ] 2021-06-09 01:39:59,026 com.st.stm32cube.ide.common.services.mx.rcp.CubeIdeServices - Check Cube IDE service option(s)
[INFO ] 2021-06-09 01:39:59,026 com.st.stm32cube.ide.common.services.mx.rcp.CubeIdeServices - Run Cube IDE service
[INFO ] 2021-06-09 01:40:02,857 com.st.stm32cube.ide.common.services.mx.rcp.CubeIdeServices - End Cube IDE services
[INFO ] 2021-06-09 01:40:48,182 com.st.stm32cube.ide.common.services.mx.rcp.CubeIdeServices - Start Cube IDE services
[INFO ] 2021-06-09 01:40:48,189 com.st.stm32cube.ide.common.services.mx.rcp.CubeIdeServices - Cube IDE services are relying on '1.1.0.19rc7_generators' product version and '4545_20191011-1318(UTC)' build version 
[INFO ] 2021-06-09 01:40:48,191 com.st.stm32cube.ide.common.services.mx.rcp.CubeIdeServices - Analyze Cube IDE services command line
[INFO ] 2021-06-09 01:40:48,195 com.st.stm32cube.ide.common.services.mx.rcp.CubeIdeServices - Look for Cube IDE service type
[INFO ] 2021-06-09 01:40:48,208 com.st.stm32cube.ide.common.services.mx.rcp.CubeIdeServices - Use Cube IDE service: 'Mx update project service'
[INFO ] 2021-06-09 01:40:48,208 com.st.stm32cube.ide.common.services.mx.rcp.CubeIdeServices - Look for Cube IDE service option(s)
[WARN ] 2021-06-09 01:40:48,208 com.st.stm32cube.ide.common.services.mx.rcp.CubeIdeServices - Argument '-rmiServerPort' is ignored
[WARN ] 2021-06-09 01:40:48,208 com.st.stm32cube.ide.common.services.mx.rcp.CubeIdeServices - Argument '6547' is ignored
[INFO ] 2021-06-09 01:40:48,208 com.st.stm32cube.ide.common.services.mx.rcp.CubeIdeServices - Check Cube IDE service option(s)
[INFO ] 2021-06-09 01:40:48,208 com.st.stm32cube.ide.common.services.mx.rcp.CubeIdeServices - Run Cube IDE service
[INFO ] 2021-06-09 01:40:51,482 com.st.stm32cube.ide.common.services.mx.rcp.CubeIdeServices - End Cube IDE services
[INFO ] 2021-06-09 01:41:55,784 com.st.stm32cube.ide.common.services.mx.rcp.CubeIdeServices - Start Cube IDE services
[INFO ] 2021-06-09 01:41:55,791 com.st.stm32cube.ide.common.services.mx.rcp.CubeIdeServices - Cube IDE services are relying on '1.1.0.19rc7_generators' product version and '4545_20191011-1318(UTC)' build version 
[INFO ] 2021-06-09 01:41:55,793 com.st.stm32cube.ide.common.services.mx.rcp.CubeIdeServices - Analyze Cube IDE services command line
[INFO ] 2021-06-09 01:41:55,797 com.st.stm32cube.ide.common.services.mx.rcp.CubeIdeServices - Look for Cube IDE service type
[INFO ] 2021-06-09 01:41:55,812 com.st.stm32cube.ide.common.services.mx.rcp.CubeIdeServices - Use Cube IDE service: 'Mx update project service'
[INFO ] 2021-06-09 01:41:55,812 com.st.stm32cube.ide.common.services.mx.rcp.CubeIdeServices - Look for Cube IDE service option(s)
[WARN ] 2021-06-09 01:41:55,812 com.st.stm32cube.ide.common.services.mx.rcp.CubeIdeServices - Argument '-rmiServerPort' is ignored
[WARN ] 2021-06-09 01:41:55,812 com.st.stm32cube.ide.common.services.mx.rcp.CubeIdeServices - Argument '6548' is ignored
[INFO ] 2021-06-09 01:41:55,812 com.st.stm32cube.ide.common.services.mx.rcp.CubeIdeServices - Check Cube IDE service option(s)
[INFO ] 2021-06-09 01:41:55,812 com.st.stm32cube.ide.common.services.mx.rcp.CubeIdeServices - Run Cube IDE service
[INFO ] 2021-06-09 01:41:59,386 com.st.stm32cube.ide.common.services.mx.rcp.CubeIdeServices - End Cube IDE services
